2026-11-03 12:39:00 | INFO | repo=0xDeCA10B | action=commit
2026-01-11 17:51:00 | WARN | repo=0xDeCA10B | action=commit
2026-11-21 10:26:00 | DEBUG | repo=0xDeCA10B | action=commit
2026-08-17 14:05:00 | INFO | repo=0xDeCA10B | action=commit
2026-01-11 16:08:00 | INFO | repo=0xDeCA10B | action=pull
2026-12-08 09:28:00 | INFO | repo=0xDeCA10B | action=commit
2026-05-09 17:59:00 | WARN | repo=0xDeCA10B | action=commit
2026-10-10 09:03:00 | INFO | repo=0xDeCA10B | action=test | passed=true
2025-01-02 12:36:00 | INFO | repo=0xDeCA10B | action=commit
2025-05-02 07:13:00 | WARN | repo=0xDeCA10B | action=commit
2025-09-13 14:50:00 | DEBUG | repo=0xDeCA10B | action=commit
2025-08-22 08:51:00 | INFO | repo=0xDeCA10B | action=commit
2025-05-09 11:48:00 | WARN | repo=0xDeCA10B | action=commit
2025-07-16 15:09:00 | WARN | repo=0xDeCA10B | action=pull
2025-08-28 09:22:00 | INFO | repo=0xDeCA10B | action=commit
2025-06-06 18:44:00 | WARN | repo=0xDeCA10B | action=commit
2025-01-07 15:07:00 | INFO | repo=0xDeCA10B | action=test | passed=true
2025-03-24 18:36:00 | WARN | repo=0xDeCA10B | action=commit
2025-02-10 10:06:00 | DEBUG | repo=0xDeCA10B | action=commit
2025-12-22 15:39:00 | WARN | repo=0xDeCA10B | action=commit
2025-10-23 07:32:00 | DEBUG | repo=0xDeCA10B | action=commit
2025-02-04 16:30:00 | WARN | repo=0xDeCA10B | action=commit
2025-06-23 14:44:00 | INFO | repo=0xDeCA10B | action=commit
2025-09-09 20:59:00 | DEBUG | repo=0xDeCA10B | action=commit
2025-10-14 11:54:00 | INFO | repo=0xDeCA10B | action=commit
2025-12-03 13:50:00 | DEBUG | repo=0xDeCA10B | action=commit
2025-02-02 15:38:00 | DEBUG | repo=0xDeCA10B | action=commit
2025-09-09 07:47:00 | DEBUG | repo=0xDeCA10B | action=edit | files=1
2025-05-23 20:44:00 | DEBUG | repo=0xDeCA10B | action=test | passed=true
2025-04-03 18:20:00 | WARN | repo=0xDeCA10B | action=test | passed=true
2025-11-23 13:54:00 | WARN | repo=0xDeCA10B | action=commit
2025-03-09 08:39:00 | INFO | repo=0xDeCA10B | action=commit
2025-02-12 10:50:00 | INFO | repo=0xDeCA10B | action=pull
2025-08-25 15:55:00 | DEBUG | repo=0xDeCA10B | action=commit
2025-09-08 09:36:00 | WARN | repo=0xDeCA10B | action=commit
2025-09-17 18:18:00 | WARN | repo=0xDeCA10B | action=commit
2025-02-25 19:39:00 | INFO | repo=0xDeCA10B | action=commit
2025-01-24 19:30:00 | INFO | repo=0xDeCA10B | action=test | passed=true
2025-09-10 09:42:00 | DEBUG | repo=0xDeCA10B | action=commit
2025-12-24 07:43:00 | DEBUG | repo=0xDeCA10B | action=pull
2025-04-15 21:38:00 | INFO | repo=0xDeCA10B | action=commit
2025-06-25 07:53:00 | DEBUG | repo=0xDeCA10B | action=pull
2025-02-16 12:46:00 | INFO | repo=0xDeCA10B | action=commit
2025-08-28 19:16:00 | WARN | repo=0xDeCA10B | action=commit
2025-02-28 21:40:00 | INFO | repo=0xDeCA10B | action=test | passed=true
2025-07-27 21:11:00 | WARN | repo=0xDeCA10B | action=commit
2025-08-22 09:18:00 | WARN | repo=0xDeCA10B | action=edit | files=1
2025-10-24 08:00:00 | DEBUG | repo=0xDeCA10B | action=pull
2025-03-20 21:19:00 | INFO | repo=0xDeCA10B | action=pull
2025-09-02 17:02:00 | DEBUG | repo=0xDeCA10B | action=commit
2025-09-12 11:11:00 | DEBUG | repo=0xDeCA10B | action=commit
2025-01-03 07:33:00 | WARN | repo=0xDeCA10B | action=commit
2025-10-26 16:08:00 | DEBUG | repo=0xDeCA10B | action=commit
2025-07-28 10:06:00 | INFO | repo=0xDeCA10B | action=commit
2025-08-22 14:11:00 | INFO | repo=0xDeCA10B | action=test | passed=true
2025-12-04 20:01:00 | WARN | repo=0xDeCA10B | action=commit
2025-05-01 21:09:00 | INFO | repo=0xDeCA10B | action=commit
2025-05-26 16:59:00 | INFO | repo=0xDeCA10B | action=commit
2025-10-17 11:38:00 | WARN | repo=0xDeCA10B | action=commit
2025-03-09 12:49:00 | WARN | repo=0xDeCA10B | action=edit | files=5
2025-05-21 08:48:00 | WARN | repo=0xDeCA10B | action=commit
2025-09-07 12:06:00 | WARN | repo=0xDeCA10B | action=commit
2025-03-12 11:26:00 | DEBUG | repo=0xDeCA10B | action=edit | files=2
2025-07-28 18:20:00 | WARN | repo=0xDeCA10B | action=commit
2025-11-09 20:19:00 | WARN | repo=0xDeCA10B | action=commit
2025-02-05 18:14:00 | WARN | repo=0xDeCA10B | action=commit
2025-09-23 11:53:00 | WARN | repo=0xDeCA10B | action=pull
2025-07-16 15:40:00 | WARN | repo=0xDeCA10B | action=commit
2025-12-12 14:11:00 | INFO | repo=0xDeCA10B | action=commit
2025-11-26 12:47:00 | WARN | repo=0xDeCA10B | action=commit
2025-10-18 14:56:00 | INFO | repo=0xDeCA10B | action=edit | files=1
2025-11-25 08:09:00 | INFO | repo=0xDeCA10B | action=pull
2025-11-20 14:22:00 | INFO | repo=0xDeCA10B | action=commit
2025-12-10 07:42:00 | INFO | repo=0xDeCA10B | action=commit
2025-06-24 19:29:00 | DEBUG | repo=0xDeCA10B | action=commit
2025-01-21 21:40:00 | INFO | repo=0xDeCA10B | action=pull
2025-06-20 09:27:00 | DEBUG | repo=0xDeCA10B | action=test | passed=true
2025-09-10 07:31:00 | INFO | repo=0xDeCA10B | action=commit
2025-07-09 15:43:00 | WARN | repo=0xDeCA10B | action=commit
2025-07-09 15:13:00 | WARN | repo=0xDeCA10B | action=commit
2025-05-12 10:43:00 | DEBUG | repo=0xDeCA10B | action=commit
2025-02-25 11:57:00 | INFO | repo=0xDeCA10B | action=commit
2025-04-09 19:23:00 | INFO | repo=0xDeCA10B | action=commit
2025-11-27 17:30:00 | DEBUG | repo=0xDeCA10B | action=commit
2025-11-28 20:58:00 | DEBUG | repo=0xDeCA10B | action=commit
2025-07-14 16:35:00 | WARN | repo=0xDeCA10B | action=pull
2024-11-27 09:11:00 | WARN | repo=0xDeCA10B | action=edit | files=3
2024-09-16 14:26:00 | DEBUG | repo=0xDeCA10B | action=commit
2025-10-18 08:35:00 | DEBUG | repo=0xDeCA10B | action=commit
2025-03-07 15:01:00 | DEBUG | repo=0xDeCA10B | action=commit
2025-06-06 20:12:00 | WARN | repo=0xDeCA10B | action=commit
2025-11-16 17:46:00 | WARN | repo=0xDeCA10B | action=edit | files=4
2024-10-26 20:31:00 | DEBUG | repo=0xDeCA10B | action=commit
2025-01-10 07:20:00 | INFO | repo=0xDeCA10B | action=test | passed=true
2024-09-11 21:02:00 | DEBUG | repo=0xDeCA10B | action=commit
2024-09-07 15:16:00 | INFO | repo=0xDeCA10B | action=edit | files=4
2024-01-26 14:08:00 | WARN | repo=0xDeCA10B | action=pull
2024-07-11 21:54:00 | INFO | repo=0xDeCA10B | action=commit
2025-01-14 17:52:00 | WARN | repo=0xDeCA10B | action=commit
2025-08-12 16:10:00 | WARN | repo=0xDeCA10B | action=edit | files=1
2025-09-19 10:46:00 | INFO | repo=0xDeCA10B | action=commit
2025-06-23 18:41:00 | WARN | repo=0xDeCA10B | action=commit
2025-10-20 07:13:00 | DEBUG | repo=0xDeCA10B | action=commit
2024-12-12 14:28:00 | INFO | repo=0xDeCA10B | action=edit | files=4
2024-08-13 15:50:00 | WARN | repo=0xDeCA10B | action=commit
2025-02-14 07:35:00 | INFO | repo=0xDeCA10B | action=commit
2024-01-04 08:14:00 | DEBUG | repo=0xDeCA10B | action=commit
2024-06-24 13:31:00 | INFO | repo=0xDeCA10B | action=commit
2024-10-26 21:03:00 | INFO | repo=0xDeCA10B | action=test | passed=true
2025-08-21 08:38:00 | INFO | repo=0xDeCA10B | action=commit
2024-11-18 13:52:00 | INFO | repo=0xDeCA10B | action=commit
2025-03-17 16:16:00 | INFO | repo=0xDeCA10B | action=commit
2024-10-14 17:55:00 | INFO | repo=0xDeCA10B | action=pull
2024-01-20 12:51:00 | WARN | repo=0xDeCA10B | action=commit
2024-11-25 09:56:00 | DEBUG | repo=0xDeCA10B | action=edit | files=3
2025-03-16 12:41:00 | DEBUG | repo=0xDeCA10B | action=commit
2024-09-08 07:03:00 | DEBUG | repo=0xDeCA10B | action=commit
2024-12-23 14:33:00 | DEBUG | repo=0xDeCA10B | action=pull
2024-03-18 07:51:00 | WARN | repo=0xDeCA10B | action=commit
2025-12-11 18:26:00 | WARN | repo=0xDeCA10B | action=commit
2025-11-07 11:51:00 | DEBUG | repo=0xDeCA10B | action=commit
2025-08-15 08:19:00 | DEBUG | repo=0xDeCA10B | action=commit
2025-06-07 17:52:00 | INFO | repo=0xDeCA10B | action=commit
2024-03-26 07:45:00 | INFO | repo=0xDeCA10B | action=test | passed=true
2024-08-13 11:16:00 | WARN | repo=0xDeCA10B | action=test | passed=true
2025-08-21 08:33:00 | DEBUG | repo=0xDeCA10B | action=commit
2025-08-13 07:32:00 | DEBUG | repo=0xDeCA10B | action=edit | files=1
2024-01-02 18:06:00 | DEBUG | repo=0xDeCA10B | action=commit
2024-07-19 07:31:00 | DEBUG | repo=0xDeCA10B | action=commit
2024-10-02 16:02:00 | INFO | repo=0xDeCA10B | action=commit
2025-10-13 16:14:00 | INFO | repo=0xDeCA10B | action=commit
2024-08-23 07:44:00 | INFO | repo=0xDeCA10B | action=commit
2024-10-09 08:14:00 | WARN | repo=0xDeCA10B | action=commit
2024-12-26 16:05:00 | DEBUG | repo=0xDeCA10B | action=commit
2025-10-03 07:31:00 | WARN | repo=0xDeCA10B | action=commit
2024-12-06 21:47:00 | WARN | repo=0xDeCA10B | action=edit | files=5
2025-09-04 21:09:00 | DEBUG | repo=0xDeCA10B | action=edit | files=1
2024-05-06 07:48:00 | INFO | repo=0xDeCA10B | action=commit
2024-10-01 14:58:00 | DEBUG | repo=0xDeCA10B | action=commit
2024-08-05 16:59:00 | INFO | repo=0xDeCA10B | action=commit
2025-12-09 11:45:00 | WARN | repo=0xDeCA10B | action=commit
2025-02-07 12:16:00 | WARN | repo=0xDeCA10B | action=test | passed=true
2024-09-05 15:09:00 | WARN | repo=0xDeCA10B | action=commit
2024-08-11 19:33:00 | WARN | repo=0xDeCA10B | action=edit | files=5
2024-04-19 20:54:00 | DEBUG | repo=0xDeCA10B | action=test | passed=true
2025-07-09 08:35:00 | DEBUG | repo=0xDeCA10B | action=commit
2025-12-05 19:28:00 | DEBUG | repo=0xDeCA10B | action=test | passed=true
2025-06-07 12:43:00 | INFO | repo=0xDeCA10B | action=edit | files=4
2025-01-25 16:46:00 | WARN | repo=0xDeCA10B | action=test | passed=true
2025-09-27 15:50:00 | DEBUG | repo=0xDeCA10B | action=pull
2025-07-16 17:59:00 | DEBUG | repo=0xDeCA10B | action=pull
2024-11-04 10:45:00 | DEBUG | repo=0xDeCA10B | action=commit
2025-10-03 16:35:00 | WARN | repo=0xDeCA10B | action=pull
2025-10-07 16:50:00 | INFO | repo=0xDeCA10B | action=commit
2025-11-02 08:43:00 | DEBUG | repo=0xDeCA10B | action=commit
2025-11-03 10:19:00 | WARN | repo=0xDeCA10B | action=commit
2024-12-22 08:45:00 | DEBUG | repo=0xDeCA10B | action=commit
2024-05-16 18:27:00 | DEBUG | repo=0xDeCA10B | action=test | passed=true
2025-05-11 08:53:00 | WARN | repo=0xDeCA10B | action=edit | files=4
2024-03-15 08:32:00 | INFO | repo=0xDeCA10B | action=commit
2025-07-08 19:30:00 | WARN | repo=0xDeCA10B | action=commit
2025-11-17 07:50:00 | DEBUG | repo=0xDeCA10B | action=commit
2025-08-09 08:38:00 | INFO | repo=0xDeCA10B | action=commit
2025-11-19 07:59:00 | INFO | repo=0xDeCA10B | action=commit
2025-08-10 19:37:00 | WARN | repo=0xDeCA10B | action=commit
2025-03-03 13:44:00 | INFO | repo=0xDeCA10B | action=commit
2025-01-03 08:42:00 | DEBUG | repo=0xDeCA10B | action=commit
2025-07-19 09:16:00 | DEBUG | repo=0xDeCA10B | action=commit
2025-09-20 18:42:00 | DEBUG | repo=0xDeCA10B | action=commit
2025-12-22 20:07:00 | DEBUG | repo=0xDeCA10B | action=commit
2025-08-27 21:00:00 | WARN | repo=0xDeCA10B | action=edit | files=4
2025-12-21 11:03:00 | WARN | repo=0xDeCA10B | action=commit
2025-03-21 17:11:00 | DEBUG | repo=0xDeCA10B | action=commit
2025-07-25 21:25:00 | WARN | repo=0xDeCA10B | action=commit
2025-11-25 08:13:00 | WARN | repo=0xDeCA10B | action=pull
2025-03-14 07:14:00 | WARN | repo=0xDeCA10B | action=commit
2025-12-13 07:36:00 | INFO | repo=0xDeCA10B | action=commit
2025-12-01 12:01:00 | WARN | repo=0xDeCA10B | action=commit
2025-08-11 17:51:00 | INFO | repo=0xDeCA10B | action=edit | files=4
2025-10-16 17:30:00 | INFO | repo=0xDeCA10B | action=commit
2025-07-20 17:38:00 | WARN | repo=0xDeCA10B | action=commit
2025-07-07 17:43:00 | INFO | repo=0xDeCA10B | action=edit | files=1
2025-05-23 17:25:00 | INFO | repo=0xDeCA10B | action=edit | files=2
2025-04-07 07:41:00 | WARN | repo=0xDeCA10B | action=commit
2025-07-24 20:30:00 | DEBUG | repo=0xDeCA10B | action=commit
2025-11-05 20:36:00 | WARN | repo=0xDeCA10B | action=pull
2025-07-20 15:35:00 | WARN | repo=0xDeCA10B | action=commit
2025-08-02 14:14:00 | DEBUG | repo=0xDeCA10B | action=commit
2025-08-09 19:14:00 | WARN | repo=0xDeCA10B | action=edit | files=3
2025-01-02 20:15:00 | WARN | repo=0xDeCA10B | action=commit
2025-01-09 12:13:00 | WARN | repo=0xDeCA10B | action=pull
2025-02-01 19:39:00 | WARN | repo=0xDeCA10B | action=commit
2025-11-06 19:49:00 | WARN | repo=0xDeCA10B | action=commit
2025-03-11 21:16:00 | INFO | repo=0xDeCA10B | action=commit
2025-02-15 18:20:00 | DEBUG | repo=0xDeCA10B | action=commit
2025-12-14 18:22:00 | WARN | repo=0xDeCA10B | action=test | passed=true
2025-11-24 09:14:00 | INFO | repo=0xDeCA10B | action=pull
2025-08-06 07:38:00 | INFO | repo=0xDeCA10B | action=test | passed=true
2025-09-05 18:32:00 | DEBUG | repo=0xDeCA10B | action=commit
2025-12-12 16:26:00 | DEBUG | repo=0xDeCA10B | action=pull
2025-05-09 21:12:00 | INFO | repo=0xDeCA10B | action=commit
2025-10-05 19:06:00 | INFO | repo=0xDeCA10B | action=commit
2025-10-16 15:20:00 | INFO | repo=0xDeCA10B | action=test | passed=true
2025-09-21 14:58:00 | DEBUG | repo=0xDeCA10B | action=commit
2025-08-27 12:07:00 | WARN | repo=0xDeCA10B | action=commit
2025-03-02 15:21:00 | WARN | repo=0xDeCA10B | action=pull
2025-10-14 10:14:00 | INFO | repo=0xDeCA10B | action=commit
2025-07-05 13:52:00 | DEBUG | repo=0xDeCA10B | action=commit
2025-11-18 08:00:00 | INFO | repo=0xDeCA10B | action=commit
2025-05-28 17:59:00 | WARN | repo=0xDeCA10B | action=pull
2025-11-27 09:02:00 | DEBUG | repo=0xDeCA10B | action=commit
2025-02-09 16:03:00 | WARN | repo=0xDeCA10B | action=commit
2025-12-17 19:23:00 | INFO | repo=0xDeCA10B | action=commit
2025-01-26 08:45:00 | WARN | repo=0xDeCA10B | action=edit | files=2
2025-01-11 08:51:00 | WARN | repo=0xDeCA10B | action=commit
2025-09-10 07:11:00 | WARN | repo=0xDeCA10B | action=pull
2025-07-12 19:19:00 | WARN | repo=0xDeCA10B | action=test | passed=true
2025-07-27 20:18:00 | INFO | repo=0xDeCA10B | action=edit | files=1
2025-06-02 16:10:00 | DEBUG | repo=0xDeCA10B | action=commit
2025-04-14 12:46:00 | DEBUG | repo=0xDeCA10B | action=commit
2025-02-16 14:00:00 | INFO | repo=0xDeCA10B | action=commit
2025-10-15 08:16:00 | INFO | repo=0xDeCA10B | action=pull
2025-04-10 12:23:00 | WARN | repo=0xDeCA10B | action=commit
2025-06-22 13:16:00 | DEBUG | repo=0xDeCA10B | action=commit
2025-08-24 18:06:00 | WARN | repo=0xDeCA10B | action=commit
2025-10-11 07:16:00 | DEBUG | repo=0xDeCA10B | action=edit | files=1
2025-09-22 13:37:00 | INFO | repo=0xDeCA10B | action=test | passed=true
2025-04-01 12:29:00 | INFO | repo=0xDeCA10B | action=commit
2025-09-26 14:46:00 | WARN | repo=0xDeCA10B | action=test | passed=true
2025-09-18 09:43:00 | INFO | repo=0xDeCA10B | action=edit | files=4
2025-11-08 16:15:00 | DEBUG | repo=0xDeCA10B | action=edit | files=2
2025-09-07 09:21:00 | INFO | repo=0xDeCA10B | action=pull
2025-07-05 07:03:00 | INFO | repo=0xDeCA10B | action=commit
2025-05-01 20:11:00 | WARN | repo=0xDeCA10B | action=test | passed=true
2025-02-19 13:59:00 | INFO | repo=0xDeCA10B | action=pull
2025-11-15 07:36:00 | WARN | repo=0xDeCA10B | action=commit
2025-04-05 15:30:00 | WARN | repo=0xDeCA10B | action=commit
2025-02-20 14:49:00 | INFO | repo=0xDeCA10B | action=commit
2025-05-18 10:59:00 | DEBUG | repo=0xDeCA10B | action=commit
2025-01-07 20:03:00 | INFO | repo=0xDeCA10B | action=commit
2025-03-21 11:35:00 | DEBUG | repo=0xDeCA10B | action=commit
2025-06-11 14:30:00 | WARN | repo=0xDeCA10B | action=edit | files=3
2025-11-25 16:54:00 | WARN | repo=0xDeCA10B | action=commit
2025-05-14 11:48:00 | WARN | repo=0xDeCA10B | action=commit
2025-01-06 14:38:00 | INFO | repo=0xDeCA10B | action=commit
2025-04-20 19:43:00 | DEBUG | repo=0xDeCA10B | action=commit
2025-07-25 20:56:00 | WARN | repo=0xDeCA10B | action=commit
2025-05-02 08:20:00 | WARN | repo=0xDeCA10B | action=commit
2025-10-05 18:43:00 | DEBUG | repo=0xDeCA10B | action=commit
2025-08-27 16:21:00 | INFO | repo=0xDeCA10B | action=commit
2025-10-20 08:29:00 | DEBUG | repo=0xDeCA10B | action=commit
2025-02-15 14:49:00 | INFO | repo=0xDeCA10B | action=test | passed=true
2025-07-07 16:53:00 | WARN | repo=0xDeCA10B | action=commit
2025-11-28 08:05:00 | WARN | repo=0xDeCA10B | action=commit
2025-09-21 18:50:00 | WARN | repo=0xDeCA10B | action=commit
2025-12-02 17:38:00 | DEBUG | repo=0xDeCA10B | action=commit
2025-12-04 20:50:00 | INFO | repo=0xDeCA10B | action=commit
2025-10-18 20:27:00 | INFO | repo=0xDeCA10B | action=commit
2025-06-10 10:26:00 | WARN | repo=0xDeCA10B | action=commit
2025-05-01 12:20:00 | INFO | repo=0xDeCA10B | action=pull
2025-12-15 10:40:00 | INFO | repo=0xDeCA10B | action=test | passed=true
2025-06-01 10:05:00 | INFO | repo=0xDeCA10B | action=commit
2025-01-07 09:44:00 | INFO | repo=0xDeCA10B | action=edit | files=1
2025-03-03 11:31:00 | INFO | repo=0xDeCA10B | action=commit
2025-03-28 13:55:00 | WARN | repo=0xDeCA10B | action=edit | files=4
2025-09-15 18:44:00 | INFO | repo=0xDeCA10B | action=edit | files=5
2025-01-24 14:54:00 | DEBUG | repo=0xDeCA10B | action=test | passed=true
2025-12-13 20:00:00 | WARN | repo=0xDeCA10B | action=commit
2025-01-18 18:03:00 | DEBUG | repo=0xDeCA10B | action=pull
2025-06-20 14:54:00 | INFO | repo=0xDeCA10B | action=edit | files=1
2025-05-28 17:15:00 | INFO | repo=0xDeCA10B | action=pull
2025-12-10 16:27:00 | INFO | repo=0xDeCA10B | action=commit
2025-08-16 15:38:00 | INFO | repo=0xDeCA10B | action=commit
2025-10-05 20:31:00 | WARN | repo=0xDeCA10B | action=commit
2025-03-23 07:27:00 | WARN | repo=0xDeCA10B | action=commit
2025-09-17 18:35:00 | DEBUG | repo=0xDeCA10B | action=commit
2025-02-08 10:01:00 | WARN | repo=0xDeCA10B | action=edit | files=2
2025-04-03 20:08:00 | DEBUG | repo=0xDeCA10B | action=commit
2025-03-16 15:54:00 | DEBUG | repo=0xDeCA10B | action=edit | files=2
2025-12-17 16:16:00 | DEBUG | repo=0xDeCA10B | action=test | passed=true
2025-09-20 13:57:00 | DEBUG | repo=0xDeCA10B | action=commit
2025-06-09 18:53:00 | DEBUG | repo=0xDeCA10B | action=commit
2025-08-04 21:41:00 | INFO | repo=0xDeCA10B | action=pull
2025-01-13 18:14:00 | WARN | repo=0xDeCA10B | action=commit
2025-07-24 15:59:00 | INFO | repo=0xDeCA10B | action=commit
2025-12-16 14:23:00 | INFO | repo=0xDeCA10B | action=pull
2025-03-04 13:21:00 | DEBUG | repo=0xDeCA10B | action=commit
2025-01-08 08:05:00 | DEBUG | repo=0xDeCA10B | action=commit
2025-05-23 21:38:00 | WARN | repo=0xDeCA10B | action=commit
2025-12-26 10:01:00 | DEBUG | repo=0xDeCA10B | action=edit | files=2
2025-06-18 11:13:00 | INFO | repo=0xDeCA10B | action=commit
2025-05-13 13:35:00 | INFO | repo=0xDeCA10B | action=commit
2025-10-18 15:07:00 | INFO | repo=0xDeCA10B | action=commit
2025-04-25 21:17:00 | WARN | repo=0xDeCA10B | action=commit
2025-07-25 17:42:00 | WARN | repo=0xDeCA10B | action=pull
2025-09-27 08:44:00 | WARN | repo=0xDeCA10B | action=edit | files=3
2025-11-24 14:59:00 | DEBUG | repo=0xDeCA10B | action=commit
2025-05-04 15:26:00 | WARN | repo=0xDeCA10B | action=test | passed=true
2025-08-08 12:12:00 | WARN | repo=0xDeCA10B | action=commit
2025-01-01 07:18:00 | DEBUG | repo=0xDeCA10B | action=commit
2025-05-05 18:37:00 | INFO | repo=0xDeCA10B | action=edit | files=3
2025-02-21 09:27:00 | WARN | repo=0xDeCA10B | action=commit
2025-07-08 19:27:00 | DEBUG | repo=0xDeCA10B | action=commit
2025-03-28 07:48:00 | WARN | repo=0xDeCA10B | action=commit
